Using pre-set license
Built from '2020.2/release' branch; Version is '2020.2.4f1 (becced5a802b) revision 12504301'; Using compiler version '192528614'; Build Type 'Release'
OS: 'Windows 10 Pro; OS build 19042.1052; Version 2009; 64bit' Language: 'en' Physical Memory: 7879 MB
BatchMode: 1, IsHumanControllingUs: 0, StartBugReporterOnCrash: 0, Is64bit: 1, IsPro: 0

 COMMAND LINE ARGUMENTS:
C:\Program Files\Unity\Hub\Editor\2020.2.4f1\Editor\Unity.exe
-adb2
-batchMode
-noUpm
-name
AssetImportWorker1
-projectPath
C:/Users/ilias/Desktop/Kitchen-Mahem-Prototipe
-logFile
Logs/AssetImportWorker1.log
-srvPort
64141
Successfully changed project path to: C:/Users/ilias/Desktop/Kitchen-Mahem-Prototipe
C:/Users/ilias/Desktop/Kitchen-Mahem-Prototipe
Using Asset Import Pipeline V2.
Refreshing native plugins compatible for Editor in 362.68 ms, found 0 plugins.
Preloading 0 native plugins for Editor in 0.00 ms.
Initialize engine version: 2020.2.4f1 (becced5a802b)
[Subsystems] Discovering subsystems at path C:/Program Files/Unity/Hub/Editor/2020.2.4f1/Editor/Data/Resources/UnitySubsystems
[Subsystems] Discovering subsystems at path C:/Users/ilias/Desktop/Kitchen-Mahem-Prototipe/Assets
GfxDevice: creating device client; threaded=0
Direct3D:
    Version:  Direct3D 11.0 [level 11.1]
    Renderer: Intel(R) HD Graphics Family (ID=0xa16)
    Vendor:   
    VRAM:     2048 MB
    Driver:   20.19.15.4531
Initialize mono
Mono path[0] = 'C:/Program Files/Unity/Hub/Editor/2020.2.4f1/Editor/Data/Managed'
Mono path[1] = 'C:/Program Files/Unity/Hub/Editor/2020.2.4f1/Editor/Data/MonoBleedingEdge/lib/mono/unityjit'
Mono config path = 'C:/Program Files/Unity/Hub/Editor/2020.2.4f1/Editor/Data/MonoBleedingEdge/etc'
Using monoOptions --debugger-agent=transport=dt_socket,embedding=1,server=y,suspend=n,address=127.0.0.1:56572
Begin MonoManager ReloadAssembly
Registering precompiled unity dll's ...
Register platform support module: C:/Program Files/Unity/Hub/Editor/2020.2.4f1/Editor/Data/PlaybackEngines/WindowsStandaloneSupport/UnityEditor.WindowsStandalone.Extensions.dll
Registered in 0.003868 seconds.
Native extension for WindowsStandalone target not found
Refreshing native plugins compatible for Editor in 348.84 ms, found 0 plugins.
Preloading 0 native plugins for Editor in 0.00 ms.
Invoked RoslynAnalysisRunner static constructor.
RoslynAnalysisRunner will not be running.
RoslynAnalysisRunner has terminated.
Mono: successfully reloaded assembly
- Completed reload, in  5.581 seconds
Platform modules already initialized, skipping
Registering precompiled user dll's ...
Registered in 0.018273 seconds.
Begin MonoManager ReloadAssembly
Native extension for WindowsStandalone target not found
Refreshing native plugins compatible for Editor in 9.52 ms, found 0 plugins.
Preloading 0 native plugins for Editor in 0.00 ms.
Invoked RoslynAnalysisRunner static constructor.
RoslynAnalysisRunner will not be running.
RoslynAnalysisRunner has terminated.
Mono: successfully reloaded assembly
- Completed reload, in  6.771 seconds
Platform modules already initialized, skipping
========================================================================
Worker process is ready to serve import requests
Launched and connected shader compiler UnityShaderCompiler.exe after 0.19 seconds
Refreshing native plugins compatible for Editor in 1.31 ms, found 0 plugins.
Preloading 0 native plugins for Editor in 0.00 ms.
Unloading 1461 Unused Serialized files (Serialized files now loaded: 0)
System memory in use before: 68.1 MB.
System memory in use after: 68.2 MB.

Unloading 33 unused Assets to reduce memory usage. Loaded Objects now: 1892.
Total: 21.580500 ms (FindLiveObjects: 0.601000 ms CreateObjectMapping: 0.159600 ms MarkObjects: 20.435300 ms  DeleteObjects: 0.379000 ms)

========================================================================
Received Import Request.
  path: Assets/Materials/Materials/base.mat
  artifactKey: Guid(32e2ef2e383ed0f429ce426cdbbac2fc) Importer(815301076,1909f56bfc062723c751e8b465ee728b)
Start importing Assets/Materials/Materials/base.mat using Guid(32e2ef2e383ed0f429ce426cdbbac2fc) Importer(815301076,1909f56bfc062723c751e8b465ee728b)  -> (artifact id: 'c1f972597cf23f77bd587fda068bf1f4') in 0.477838 seconds
  Import took 0.491129 seconds .

========================================================================
Received Import Request.
  Time since last request: 0.002631 seconds.
  path: Assets/Scenes/Kitchen.unity
  artifactKey: Guid(28b01497748dc1a4599c1e6bca09c4a1) Importer(815301076,1909f56bfc062723c751e8b465ee728b)
Start importing Assets/Scenes/Kitchen.unity using Guid(28b01497748dc1a4599c1e6bca09c4a1) Importer(815301076,1909f56bfc062723c751e8b465ee728b)  -> (artifact id: '2698d50975f1c153e8e682aa27b5a1fb') in 0.080972 seconds
  Import took 0.104280 seconds .

========================================================================
Received Import Request.
  Time since last request: 0.000505 seconds.
  path: Assets/prefabs/Oven.prefab
  artifactKey: Guid(92a8585f90c560b4b8fe16bbf2405ca6) Importer(815301076,1909f56bfc062723c751e8b465ee728b)
Start importing Assets/prefabs/Oven.prefab using Guid(92a8585f90c560b4b8fe16bbf2405ca6) Importer(815301076,1909f56bfc062723c751e8b465ee728b)  -> (artifact id: '7686c318d6fb5d2f4eb7b3f59c903903') in 1.075213 seconds
  Import took 1.177083 seconds .

========================================================================
Received Import Request.
  Time since last request: 0.000321 seconds.
  path: Assets/prefabs/Blue Player Variant.prefab
  artifactKey: Guid(a2aaaa094093a294aade9f5a5ce62bbb) Importer(815301076,1909f56bfc062723c751e8b465ee728b)
Start importing Assets/prefabs/Blue Player Variant.prefab using Guid(a2aaaa094093a294aade9f5a5ce62bbb) Importer(815301076,1909f56bfc062723c751e8b465ee728b)  -> (artifact id: 'df575702f97e9bfc0d65ab27a1ab217b') in 0.086344 seconds
  Import took 0.118184 seconds .

========================================================================
Received Import Request.
  Time since last request: 0.001106 seconds.
  path: Assets/prefabs/Smoke Particles.prefab
  artifactKey: Guid(7928344c9a39fbd4eb4c957288e1140b) Importer(815301076,1909f56bfc062723c751e8b465ee728b)
Start importing Assets/prefabs/Smoke Particles.prefab using Guid(7928344c9a39fbd4eb4c957288e1140b) Importer(815301076,1909f56bfc062723c751e8b465ee728b)  -> (artifact id: '9969e83030c4c3cb5b4396d45cf25deb') in 0.123334 seconds
  Import took 0.136213 seconds .

========================================================================
Received Import Request.
  Time since last request: 0.000484 seconds.
  path: Assets/prefabs/order.prefab
  artifactKey: Guid(1df83ab882ac75440970b62f854f1db2) Importer(815301076,1909f56bfc062723c751e8b465ee728b)
Start importing Assets/prefabs/order.prefab using Guid(1df83ab882ac75440970b62f854f1db2) Importer(815301076,1909f56bfc062723c751e8b465ee728b)  -> (artifact id: 'd8cec914ea42481840b55342501c90fe') in 0.089899 seconds
  Import took 0.105820 seconds .

========================================================================
Received Import Request.
  Time since last request: 0.127125 seconds.
  path: Assets/prefabs/Healing Particles.prefab
  artifactKey: Guid(c909ede619d2ca34c92ca99493e719d1) Importer(815301076,1909f56bfc062723c751e8b465ee728b)
Start importing Assets/prefabs/Healing Particles.prefab using Guid(c909ede619d2ca34c92ca99493e719d1) Importer(815301076,1909f56bfc062723c751e8b465ee728b)  -> (artifact id: '4a09bd4d5e048026fc49c8912ac3f97b') in 0.037156 seconds
  Import took 0.048115 seconds .

========================================================================
Received Import Request.
  Time since last request: 0.000665 seconds.
  path: Assets/prefabs/VegetablesObject.prefab
  artifactKey: Guid(a4f44c4db5c8d1e4aa8bd072a29867ae) Importer(815301076,1909f56bfc062723c751e8b465ee728b)
Start importing Assets/prefabs/VegetablesObject.prefab using Guid(a4f44c4db5c8d1e4aa8bd072a29867ae) Importer(815301076,1909f56bfc062723c751e8b465ee728b)  -> (artifact id: '8f9506f50cf2328358fe3639bcbfb856') in 0.077203 seconds
  Import took 0.087487 seconds .

========================================================================
Received Import Request.
  Time since last request: 0.000413 seconds.
  path: Assets/prefabs/PastaObject.prefab
  artifactKey: Guid(c46b48061a0ba7a44858020d69f63a9b) Importer(815301076,1909f56bfc062723c751e8b465ee728b)
Start importing Assets/prefabs/PastaObject.prefab using Guid(c46b48061a0ba7a44858020d69f63a9b) Importer(815301076,1909f56bfc062723c751e8b465ee728b)  -> (artifact id: 'ecf80e1db8611c8e0c7a1588134034ec') in 0.158855 seconds
  Import took 0.169206 seconds .

========================================================================
Received Import Request.
  Time since last request: 0.000812 seconds.
  path: Assets/prefabs/countDownTimerInteraction.prefab
  artifactKey: Guid(3e589e4542775de41be4272dfc387fef) Importer(815301076,1909f56bfc062723c751e8b465ee728b)
Start importing Assets/prefabs/countDownTimerInteraction.prefab using Guid(3e589e4542775de41be4272dfc387fef) Importer(815301076,1909f56bfc062723c751e8b465ee728b)  -> (artifact id: '662101215ccf2b53590fc20a05761958') in 0.073145 seconds
  Import took 0.083957 seconds .

========================================================================
Received Import Request.
  Time since last request: 0.000291 seconds.
  path: Assets/prefabs/MeatObject.prefab
  artifactKey: Guid(a2a3be43723860a4fb8541ba6ec67c83) Importer(815301076,1909f56bfc062723c751e8b465ee728b)
Start importing Assets/prefabs/MeatObject.prefab using Guid(a2a3be43723860a4fb8541ba6ec67c83) Importer(815301076,1909f56bfc062723c751e8b465ee728b)  -> (artifact id: '57c431e29e6792a8b0147782a56ab02a') in 0.095380 seconds
  Import took 0.114195 seconds .

========================================================================
Received Import Request.
  Time since last request: 0.000382 seconds.
  path: Assets/prefabs/Fire.prefab
  artifactKey: Guid(a51244add4e296a46beeee5663c0e68a) Importer(815301076,1909f56bfc062723c751e8b465ee728b)
Start importing Assets/prefabs/Fire.prefab using Guid(a51244add4e296a46beeee5663c0e68a) Importer(815301076,1909f56bfc062723c751e8b465ee728b)  -> (artifact id: 'df5f82e66defc1007b184962b7819470') in 0.076148 seconds
  Import took 0.095414 seconds .

========================================================================
Received Import Request.
  Time since last request: 0.000385 seconds.
  path: Assets/prefabs/AlarmSound.prefab
  artifactKey: Guid(5443f1a8fcdc53d499617ea4ba88d035) Importer(815301076,1909f56bfc062723c751e8b465ee728b)
Start importing Assets/prefabs/AlarmSound.prefab using Guid(5443f1a8fcdc53d499617ea4ba88d035) Importer(815301076,1909f56bfc062723c751e8b465ee728b)  -> (artifact id: '6e6b2842c425a5859bc2c9dd2fa3de18') in 0.100356 seconds
  Import took 0.117264 seconds .

========================================================================
Received Import Request.
  Time since last request: 0.000097 seconds.
  path: Assets/prefabs/countDownTimer.prefab
  artifactKey: Guid(2f608baa11cb21d468efd37407a0f0d3) Importer(815301076,1909f56bfc062723c751e8b465ee728b)
Start importing Assets/prefabs/countDownTimer.prefab using Guid(2f608baa11cb21d468efd37407a0f0d3) Importer(815301076,1909f56bfc062723c751e8b465ee728b)  -> (artifact id: '84c88e690a6e11941c9abc1e21cf4b53') in 0.107727 seconds
  Import took 0.117907 seconds .

========================================================================
Received Import Request.
  Time since last request: 0.000543 seconds.
  path: Assets/prefabs
  artifactKey: Guid(57795631c3de0304ead59cf23f368391) Importer(815301076,1909f56bfc062723c751e8b465ee728b)
Start importing Assets/prefabs using Guid(57795631c3de0304ead59cf23f368391) Importer(815301076,1909f56bfc062723c751e8b465ee728b)  -> (artifact id: '25037183c864ed4054ffeab4b04233a4') in 0.079070 seconds
  Import took 0.099637 seconds .

========================================================================
Received Import Request.
  Time since last request: 0.000335 seconds.
  path: Assets/prefabs/Player.prefab
  artifactKey: Guid(cd1cb5635f8dbe649adff6525a31cfd3) Importer(815301076,1909f56bfc062723c751e8b465ee728b)
Start importing Assets/prefabs/Player.prefab using Guid(cd1cb5635f8dbe649adff6525a31cfd3) Importer(815301076,1909f56bfc062723c751e8b465ee728b)  -> (artifact id: '6869e47406619bbfc035530dfb473484') in 0.501841 seconds
  Import took 0.515811 seconds .

========================================================================
Received Import Request.
  Time since last request: 0.297206 seconds.
  path: Assets/prefabs/FridgeSBS.prefab
  artifactKey: Guid(2a649c55ea44f954a8c46a9f5ba8246d) Importer(815301076,1909f56bfc062723c751e8b465ee728b)
Start importing Assets/prefabs/FridgeSBS.prefab using Guid(2a649c55ea44f954a8c46a9f5ba8246d) Importer(815301076,1909f56bfc062723c751e8b465ee728b)  -> (artifact id: '1ef1749fc91742779157f52827559c6e') in 0.376162 seconds
  Import took 0.500522 seconds .

========================================================================
Received Import Request.
  Time since last request: 4.046934 seconds.
  path: Assets/prefabs/Healing Particles.prefab
  artifactKey: Guid(c909ede619d2ca34c92ca99493e719d1) Importer(815301076,1909f56bfc062723c751e8b465ee728b)
Start importing Assets/prefabs/Healing Particles.prefab using Guid(c909ede619d2ca34c92ca99493e719d1) Importer(815301076,1909f56bfc062723c751e8b465ee728b)  -> (artifact id: '0b983f4c7a3b3f11495027c266e713b6') in 1.276601 seconds
  Import took 1.395727 seconds .

========================================================================
Received Import Request.
  Time since last request: 81.280480 seconds.
  path: Assets/scripts
  artifactKey: Guid(2a541c26a403aea4fa3e16bff2f8e85a) Importer(815301076,1909f56bfc062723c751e8b465ee728b)
Start importing Assets/scripts using Guid(2a541c26a403aea4fa3e16bff2f8e85a) Importer(815301076,1909f56bfc062723c751e8b465ee728b)  -> (artifact id: '2e82dce53e28cf575f91f06be23f749d') in 0.095441 seconds
  Import took 0.144007 seconds .

========================================================================
Received Import Request.
  Time since last request: 1.308831 seconds.
  path: Assets/scripts/PlayerBehaviour.cs
  artifactKey: Guid(d47a14664b372614cb55c970ce85a232) Importer(815301076,1909f56bfc062723c751e8b465ee728b)
Start importing Assets/scripts/PlayerBehaviour.cs using Guid(d47a14664b372614cb55c970ce85a232) Importer(815301076,1909f56bfc062723c751e8b465ee728b)  -> (artifact id: '1e77c5690850d37b52bbea37e3a80bc1') in 0.052087 seconds
  Import took 0.071927 seconds .

